<?xml version="1.0" encoding="UTF-8"?>
<!-- Generated by org.testng.reporters.JUnitReportReporter -->
<testsuite hostname="AJIT" failures="0" tests="1" name="testCases.TC001_AccountRegistrationTest" time="2.345" errors="0" timestamp="2025-10-01T20:29:58 IST" skipped="0">
  <testcase classname="testCases.TC001_AccountRegistrationTest" name="verify_account_registration" time="2.345"/>
</testsuite> <!-- testCases.TC001_AccountRegistrationTest -->
