<?xml version="1.0" encoding="UTF-8"?>
<!-- Generated by org.testng.reporters.JUnitReportReporter -->
<testsuite hostname="AJIT" failures="0" tests="1" name="testCases.TC002_LoginTest" time="1.419" errors="0" timestamp="2025-09-30T22:22:10 IST" skipped="0">
  <testcase classname="testCases.TC002_LoginTest" name="Verify_login" time="1.419"/>
</testsuite> <!-- testCases.TC002_LoginTest -->
